2023-02-16 16:38:39,529 - root - INFO - multires_flow['alpha mask'] = tensor([[[[0., 0., 0.,  ..., 0., 0., 0.],
          [0., 0., 0.,  ..., 0., 0., 0.],
          [0., 0., 0.,  ..., 0., 0., 0.],
          ...,
          [0., 0., 0.,  ..., 0., 0., 0.],
          [0., 0., 0.,  ..., 0., 0., 0.],
          [0., 0., 0.,  ..., 0., 0., 0.]],

         [[0., 0., 0.,  ..., 0., 0., 0.],
          [0., 0., 0.,  ..., 0., 0., 0.],
          [0., 0., 0.,  ..., 0., 0., 0.],
          ...,
          [0., 0., 0.,  ..., 0., 0., 0.],
          [0., 0., 0.,  ..., 0., 0., 0.],
          [0., 0., 0.,  ..., 0., 0., 0.]],

         [[1., 1., 1.,  ..., 1., 1., 1.],
          [1., 1., 1.,  ..., 1., 1., 1.],
          [1., 1., 1.,  ..., 1., 1., 1.],
          ...,
          [1., 1., 1.,  ..., 1., 1., 1.],
          [1., 1., 1.,  ..., 1., 1., 1.],
          [1., 1., 1.,  ..., 1., 1., 1.]]],


        [[[0., 0., 0.,  ..., 0., 0., 0.],
          [0., 0., 0.,  ..., 0., 0., 0.],
          [0., 0., 0.,  ..., 0., 0., 0.],
          ...,
          [0., 0., 0.,  ..., 0., 0., 0.],
          [0., 0., 0.,  ..., 0., 0., 0.],
          [0., 0., 0.,  ..., 0., 0., 0.]],

         [[0., 0., 0.,  ..., 0., 0., 0.],
          [0., 0., 0.,  ..., 0., 0., 0.],
          [0., 0., 0.,  ..., 0., 0., 0.],
          ...,
          [0., 0., 0.,  ..., 0., 0., 0.],
          [0., 0., 0.,  ..., 0., 0., 0.],
          [0., 0., 0.,  ..., 0., 0., 0.]],

         [[1., 1., 1.,  ..., 1., 1., 1.],
          [1., 1., 1.,  ..., 1., 1., 1.],
          [1., 1., 1.,  ..., 1., 1., 1.],
          ...,
          [1., 1., 1.,  ..., 1., 1., 1.],
          [1., 1., 1.,  ..., 1., 1., 1.],
          [1., 1., 1.,  ..., 1., 1., 1.]]],


        [[[0., 0., 0.,  ..., 0., 0., 0.],
          [0., 0., 0.,  ..., 0., 0., 0.],
          [0., 0., 0.,  ..., 0., 0., 0.],
          ...,
          [0., 0., 0.,  ..., 0., 0., 0.],
          [0., 0., 0.,  ..., 0., 0., 0.],
          [0., 0., 0.,  ..., 0., 0., 0.]],

         [[0., 0., 0.,  ..., 0., 0., 0.],
          [0., 0., 0.,  ..., 0., 0., 0.],
          [0., 0., 0.,  ..., 0., 0., 0.],
          ...,
          [0., 0., 0.,  ..., 0., 0., 0.],
          [0., 0., 0.,  ..., 0., 0., 0.],
          [0., 0., 0.,  ..., 0., 0., 0.]],

         [[1., 1., 1.,  ..., 1., 1., 1.],
          [1., 1., 1.,  ..., 1., 1., 1.],
          [1., 1., 1.,  ..., 1., 1., 1.],
          ...,
          [1., 1., 1.,  ..., 1., 1., 1.],
          [1., 1., 1.,  ..., 1., 1., 1.],
          [1., 1., 1.,  ..., 1., 1., 1.]]],


        ...,


        [[[0., 0., 0.,  ..., 0., 0., 0.],
          [0., 0., 0.,  ..., 0., 0., 0.],
          [0., 0., 0.,  ..., 0., 0., 0.],
          ...,
          [0., 0., 0.,  ..., 0., 0., 0.],
          [0., 0., 0.,  ..., 0., 0., 0.],
          [0., 0., 0.,  ..., 0., 0., 0.]],

         [[0., 0., 0.,  ..., 0., 0., 0.],
          [0., 0., 0.,  ..., 0., 0., 0.],
          [0., 0., 0.,  ..., 0., 0., 0.],
          ...,
          [0., 0., 0.,  ..., 0., 0., 0.],
          [0., 0., 0.,  ..., 0., 0., 0.],
          [0., 0., 0.,  ..., 0., 0., 0.]],

         [[1., 1., 1.,  ..., 1., 1., 1.],
          [1., 1., 1.,  ..., 1., 1., 1.],
          [1., 1., 1.,  ..., 1., 1., 1.],
          ...,
          [1., 1., 1.,  ..., 1., 1., 1.],
          [1., 1., 1.,  ..., 1., 1., 1.],
          [1., 1., 1.,  ..., 1., 1., 1.]]],


        [[[0., 0., 0.,  ..., 0., 0., 0.],
          [0., 0., 0.,  ..., 0., 0., 0.],
          [0., 0., 0.,  ..., 0., 0., 0.],
          ...,
          [0., 0., 0.,  ..., 0., 0., 0.],
          [0., 0., 0.,  ..., 0., 0., 0.],
          [0., 0., 0.,  ..., 0., 0., 0.]],

         [[0., 0., 0.,  ..., 0., 0., 0.],
          [0., 0., 0.,  ..., 0., 0., 0.],
          [0., 0., 0.,  ..., 0., 0., 0.],
          ...,
          [0., 0., 0.,  ..., 0., 0., 0.],
          [0., 0., 0.,  ..., 0., 0., 0.],
          [0., 0., 0.,  ..., 0., 0., 0.]],

         [[1., 1., 1.,  ..., 1., 1., 1.],
          [1., 1., 1.,  ..., 1., 1., 1.],
          [1., 1., 1.,  ..., 1., 1., 1.],
          ...,
          [1., 1., 1.,  ..., 1., 1., 1.],
          [1., 1., 1.,  ..., 1., 1., 1.],
          [1., 1., 1.,  ..., 1., 1., 1.]]],


        [[[0., 0., 0.,  ..., 0., 0., 0.],
          [0., 0., 0.,  ..., 0., 0., 0.],
          [0., 0., 0.,  ..., 0., 0., 0.],
          ...,
          [0., 0., 0.,  ..., 0., 0., 0.],
          [0., 0., 0.,  ..., 0., 0., 0.],
          [0., 0., 0.,  ..., 0., 0., 0.]],

         [[0., 0., 0.,  ..., 0., 0., 0.],
          [0., 0., 0.,  ..., 0., 0., 0.],
          [0., 0., 0.,  ..., 0., 0., 0.],
          ...,
          [0., 0., 0.,  ..., 0., 0., 0.],
          [0., 0., 0.,  ..., 0., 0., 0.],
          [0., 0., 0.,  ..., 0., 0., 0.]],

         [[1., 1., 1.,  ..., 1., 1., 1.],
          [1., 1., 1.,  ..., 1., 1., 1.],
          [1., 1., 1.,  ..., 1., 1., 1.],
          ...,
          [1., 1., 1.,  ..., 1., 1., 1.],
          [1., 1., 1.,  ..., 1., 1., 1.],
          [1., 1., 1.,  ..., 1., 1., 1.]]]], device='cuda:0',
       grad_fn=<SWhereBackward>)
2023-02-16 16:38:39,529 - root - INFO - multires_flow['alpha mask'].shape = torch.Size([8, 3, 480, 640])
2023-02-16 16:38:39,542 - root - INFO - max_vals = tensor([[[[0.3365, 0.3366, 0.3366,  ..., 0.3365, 0.3365, 0.3362],
          [0.3362, 0.3367, 0.3367,  ..., 0.3367, 0.3367, 0.3367],
          [0.3362, 0.3367, 0.3367,  ..., 0.3367, 0.3367, 0.3367],
          ...,
          [0.3362, 0.3367, 0.3367,  ..., 0.3367, 0.3367, 0.3367],
          [0.3362, 0.3367, 0.3367,  ..., 0.3367, 0.3367, 0.3367],
          [0.3362, 0.3366, 0.3366,  ..., 0.3367, 0.3367, 0.3370]]],


        [[[0.3365, 0.3366, 0.3366,  ..., 0.3365, 0.3365, 0.3362],
          [0.3362, 0.3367, 0.3367,  ..., 0.3367, 0.3367, 0.3367],
          [0.3362, 0.3367, 0.3367,  ..., 0.3367, 0.3367, 0.3367],
          ...,
          [0.3362, 0.3367, 0.3367,  ..., 0.3367, 0.3367, 0.3367],
          [0.3362, 0.3367, 0.3367,  ..., 0.3367, 0.3367, 0.3367],
          [0.3362, 0.3366, 0.3366,  ..., 0.3367, 0.3367, 0.3370]]],


        [[[0.3365, 0.3366, 0.3366,  ..., 0.3365, 0.3365, 0.3362],
          [0.3362, 0.3367, 0.3367,  ..., 0.3367, 0.3367, 0.3367],
          [0.3362, 0.3367, 0.3367,  ..., 0.3367, 0.3367, 0.3367],
          ...,
          [0.3362, 0.3367, 0.3367,  ..., 0.3367, 0.3367, 0.3367],
          [0.3362, 0.3367, 0.3367,  ..., 0.3367, 0.3367, 0.3367],
          [0.3362, 0.3366, 0.3366,  ..., 0.3367, 0.3367, 0.3370]]],


        ...,


        [[[0.3365, 0.3366, 0.3366,  ..., 0.3365, 0.3365, 0.3362],
          [0.3362, 0.3367, 0.3367,  ..., 0.3367, 0.3367, 0.3367],
          [0.3362, 0.3367, 0.3367,  ..., 0.3367, 0.3367, 0.3367],
          ...,
          [0.3362, 0.3367, 0.3367,  ..., 0.3367, 0.3367, 0.3367],
          [0.3362, 0.3367, 0.3367,  ..., 0.3367, 0.3367, 0.3367],
          [0.3362, 0.3366, 0.3366,  ..., 0.3367, 0.3367, 0.3370]]],


        [[[0.3365, 0.3366, 0.3366,  ..., 0.3365, 0.3365, 0.3362],
          [0.3362, 0.3367, 0.3367,  ..., 0.3367, 0.3367, 0.3367],
          [0.3362, 0.3367, 0.3367,  ..., 0.3367, 0.3367, 0.3367],
          ...,
          [0.3362, 0.3367, 0.3367,  ..., 0.3367, 0.3367, 0.3367],
          [0.3362, 0.3367, 0.3367,  ..., 0.3367, 0.3367, 0.3367],
          [0.3362, 0.3366, 0.3366,  ..., 0.3367, 0.3367, 0.3370]]],


        [[[0.3365, 0.3366, 0.3366,  ..., 0.3365, 0.3365, 0.3362],
          [0.3362, 0.3367, 0.3367,  ..., 0.3367, 0.3367, 0.3367],
          [0.3362, 0.3367, 0.3367,  ..., 0.3367, 0.3367, 0.3367],
          ...,
          [0.3362, 0.3367, 0.3367,  ..., 0.3367, 0.3367, 0.3367],
          [0.3362, 0.3367, 0.3367,  ..., 0.3367, 0.3367, 0.3367],
          [0.3362, 0.3366, 0.3366,  ..., 0.3367, 0.3367, 0.3370]]]],
       device='cuda:0', grad_fn=<MaxBackward0>)
2023-02-16 16:38:39,542 - root - INFO - max_vals.shape = torch.Size([8, 1, 480, 640])
2023-02-17 22:25:42,134 - root - INFO - multires_flow['alpha mask'] = tensor([[[[1., 1., 1.,  ..., 1., 1., 1.],
          [1., 1., 1.,  ..., 1., 1., 1.],
          [1., 1., 1.,  ..., 1., 1., 1.],
          ...,
          [1., 1., 1.,  ..., 1., 1., 1.],
          [1., 1., 1.,  ..., 1., 1., 1.],
          [1., 1., 1.,  ..., 1., 1., 1.]],

         [[0., 0., 0.,  ..., 0., 0., 0.],
          [0., 0., 0.,  ..., 0., 0., 0.],
          [0., 0., 0.,  ..., 0., 0., 0.],
          ...,
          [0., 0., 0.,  ..., 0., 0., 0.],
          [0., 0., 0.,  ..., 0., 0., 0.],
          [0., 0., 0.,  ..., 0., 0., 0.]],

         [[0., 0., 0.,  ..., 0., 0., 0.],
          [0., 0., 0.,  ..., 0., 0., 0.],
          [0., 0., 0.,  ..., 0., 0., 0.],
          ...,
          [0., 0., 0.,  ..., 0., 0., 0.],
          [0., 0., 0.,  ..., 0., 0., 0.],
          [0., 0., 0.,  ..., 0., 0., 0.]],

         [[0., 0., 0.,  ..., 0., 0., 0.],
          [0., 0., 0.,  ..., 0., 0., 0.],
          [0., 0., 0.,  ..., 0., 0., 0.],
          ...,
          [0., 0., 0.,  ..., 0., 0., 0.],
          [0., 0., 0.,  ..., 0., 0., 0.],
          [0., 0., 0.,  ..., 0., 0., 0.]],

         [[0., 0., 0.,  ..., 0., 0., 0.],
          [0., 0., 0.,  ..., 0., 0., 0.],
          [0., 0., 0.,  ..., 0., 0., 0.],
          ...,
          [0., 0., 0.,  ..., 0., 0., 0.],
          [0., 0., 0.,  ..., 0., 0., 0.],
          [0., 0., 0.,  ..., 0., 0., 0.]]],


        [[[1., 1., 1.,  ..., 1., 1., 1.],
          [1., 1., 1.,  ..., 1., 1., 1.],
          [1., 1., 1.,  ..., 1., 0., 1.],
          ...,
          [1., 1., 1.,  ..., 1., 1., 1.],
          [1., 1., 1.,  ..., 1., 1., 1.],
          [1., 1., 1.,  ..., 1., 1., 1.]],

         [[0., 0., 0.,  ..., 0., 0., 0.],
          [0., 0., 0.,  ..., 0., 0., 0.],
          [0., 0., 0.,  ..., 0., 0., 0.],
          ...,
          [0., 0., 0.,  ..., 0., 0., 0.],
          [0., 0., 0.,  ..., 0., 0., 0.],
          [0., 0., 0.,  ..., 0., 0., 0.]],

         [[0., 0., 0.,  ..., 0., 0., 0.],
          [0., 0., 0.,  ..., 0., 0., 0.],
          [0., 0., 0.,  ..., 0., 1., 0.],
          ...,
          [0., 0., 0.,  ..., 0., 0., 0.],
          [0., 0., 0.,  ..., 0., 0., 0.],
          [0., 0., 0.,  ..., 0., 0., 0.]],

         [[0., 0., 0.,  ..., 0., 0., 0.],
          [0., 0., 0.,  ..., 0., 0., 0.],
          [0., 0., 0.,  ..., 0., 0., 0.],
          ...,
          [0., 0., 0.,  ..., 0., 0., 0.],
          [0., 0., 0.,  ..., 0., 0., 0.],
          [0., 0., 0.,  ..., 0., 0., 0.]],

         [[0., 0., 0.,  ..., 0., 0., 0.],
          [0., 0., 0.,  ..., 0., 0., 0.],
          [0., 0., 0.,  ..., 0., 0., 0.],
          ...,
          [0., 0., 0.,  ..., 0., 0., 0.],
          [0., 0., 0.,  ..., 0., 0., 0.],
          [0., 0., 0.,  ..., 0., 0., 0.]]],


        [[[1., 1., 1.,  ..., 1., 1., 1.],
          [1., 1., 1.,  ..., 1., 1., 1.],
          [1., 1., 1.,  ..., 1., 1., 1.],
          ...,
          [1., 1., 1.,  ..., 1., 1., 1.],
          [1., 1., 1.,  ..., 1., 1., 1.],
          [1., 1., 1.,  ..., 1., 1., 1.]],

         [[0., 0., 0.,  ..., 0., 0., 0.],
          [0., 0., 0.,  ..., 0., 0., 0.],
          [0., 0., 0.,  ..., 0., 0., 0.],
          ...,
          [0., 0., 0.,  ..., 0., 0., 0.],
          [0., 0., 0.,  ..., 0., 0., 0.],
          [0., 0., 0.,  ..., 0., 0., 0.]],

         [[0., 0., 0.,  ..., 0., 0., 0.],
          [0., 0., 0.,  ..., 0., 0., 0.],
          [0., 0., 0.,  ..., 0., 0., 0.],
          ...,
          [0., 0., 0.,  ..., 0., 0., 0.],
          [0., 0., 0.,  ..., 0., 0., 0.],
          [0., 0., 0.,  ..., 0., 0., 0.]],

         [[0., 0., 0.,  ..., 0., 0., 0.],
          [0., 0., 0.,  ..., 0., 0., 0.],
          [0., 0., 0.,  ..., 0., 0., 0.],
          ...,
          [0., 0., 0.,  ..., 0., 0., 0.],
          [0., 0., 0.,  ..., 0., 0., 0.],
          [0., 0., 0.,  ..., 0., 0., 0.]],

         [[0., 0., 0.,  ..., 0., 0., 0.],
          [0., 0., 0.,  ..., 0., 0., 0.],
          [0., 0., 0.,  ..., 0., 0., 0.],
          ...,
          [0., 0., 0.,  ..., 0., 0., 0.],
          [0., 0., 0.,  ..., 0., 0., 0.],
          [0., 0., 0.,  ..., 0., 0., 0.]]],


        ...,


        [[[1., 1., 1.,  ..., 1., 1., 1.],
          [1., 1., 1.,  ..., 1., 1., 1.],
          [1., 1., 1.,  ..., 1., 1., 1.],
          ...,
          [1., 1., 1.,  ..., 1., 1., 1.],
          [1., 1., 1.,  ..., 1., 1., 1.],
          [1., 1., 1.,  ..., 1., 1., 1.]],

         [[0., 0., 0.,  ..., 0., 0., 0.],
          [0., 0., 0.,  ..., 0., 0., 0.],
          [0., 0., 0.,  ..., 0., 0., 0.],
          ...,
          [0., 0., 0.,  ..., 0., 0., 0.],
          [0., 0., 0.,  ..., 0., 0., 0.],
          [0., 0., 0.,  ..., 0., 0., 0.]],

         [[0., 0., 0.,  ..., 0., 0., 0.],
          [0., 0., 0.,  ..., 0., 0., 0.],
          [0., 0., 0.,  ..., 0., 0., 0.],
          ...,
          [0., 0., 0.,  ..., 0., 0., 0.],
          [0., 0., 0.,  ..., 0., 0., 0.],
          [0., 0., 0.,  ..., 0., 0., 0.]],

         [[0., 0., 0.,  ..., 0., 0., 0.],
          [0., 0., 0.,  ..., 0., 0., 0.],
          [0., 0., 0.,  ..., 0., 0., 0.],
          ...,
          [0., 0., 0.,  ..., 0., 0., 0.],
          [0., 0., 0.,  ..., 0., 0., 0.],
          [0., 0., 0.,  ..., 0., 0., 0.]],

         [[0., 0., 0.,  ..., 0., 0., 0.],
          [0., 0., 0.,  ..., 0., 0., 0.],
          [0., 0., 0.,  ..., 0., 0., 0.],
          ...,
          [0., 0., 0.,  ..., 0., 0., 0.],
          [0., 0., 0.,  ..., 0., 0., 0.],
          [0., 0., 0.,  ..., 0., 0., 0.]]],


        [[[1., 1., 1.,  ..., 1., 1., 1.],
          [1., 1., 1.,  ..., 1., 1., 1.],
          [1., 1., 1.,  ..., 1., 1., 1.],
          ...,
          [1., 1., 1.,  ..., 1., 1., 1.],
          [1., 1., 1.,  ..., 1., 1., 1.],
          [1., 1., 1.,  ..., 1., 1., 1.]],

         [[0., 0., 0.,  ..., 0., 0., 0.],
          [0., 0., 0.,  ..., 0., 0., 0.],
          [0., 0., 0.,  ..., 0., 0., 0.],
          ...,
          [0., 0., 0.,  ..., 0., 0., 0.],
          [0., 0., 0.,  ..., 0., 0., 0.],
          [0., 0., 0.,  ..., 0., 0., 0.]],

         [[0., 0., 0.,  ..., 0., 0., 0.],
          [0., 0., 0.,  ..., 0., 0., 0.],
          [0., 0., 0.,  ..., 0., 0., 0.],
          ...,
          [0., 0., 0.,  ..., 0., 0., 0.],
          [0., 0., 0.,  ..., 0., 0., 0.],
          [0., 0., 0.,  ..., 0., 0., 0.]],

         [[0., 0., 0.,  ..., 0., 0., 0.],
          [0., 0., 0.,  ..., 0., 0., 0.],
          [0., 0., 0.,  ..., 0., 0., 0.],
          ...,
          [0., 0., 0.,  ..., 0., 0., 0.],
          [0., 0., 0.,  ..., 0., 0., 0.],
          [0., 0., 0.,  ..., 0., 0., 0.]],

         [[0., 0., 0.,  ..., 0., 0., 0.],
          [0., 0., 0.,  ..., 0., 0., 0.],
          [0., 0., 0.,  ..., 0., 0., 0.],
          ...,
          [0., 0., 0.,  ..., 0., 0., 0.],
          [0., 0., 0.,  ..., 0., 0., 0.],
          [0., 0., 0.,  ..., 0., 0., 0.]]],


        [[[1., 1., 1.,  ..., 1., 1., 1.],
          [1., 1., 1.,  ..., 1., 1., 1.],
          [1., 1., 1.,  ..., 1., 1., 1.],
          ...,
          [1., 1., 1.,  ..., 1., 1., 1.],
          [1., 1., 1.,  ..., 1., 1., 1.],
          [1., 1., 1.,  ..., 1., 1., 1.]],

         [[0., 0., 0.,  ..., 0., 0., 0.],
          [0., 0., 0.,  ..., 0., 0., 0.],
          [0., 0., 0.,  ..., 0., 0., 0.],
          ...,
          [0., 0., 0.,  ..., 0., 0., 0.],
          [0., 0., 0.,  ..., 0., 0., 0.],
          [0., 0., 0.,  ..., 0., 0., 0.]],

         [[0., 0., 0.,  ..., 0., 0., 0.],
          [0., 0., 0.,  ..., 0., 0., 0.],
          [0., 0., 0.,  ..., 0., 0., 0.],
          ...,
          [0., 0., 0.,  ..., 0., 0., 0.],
          [0., 0., 0.,  ..., 0., 0., 0.],
          [0., 0., 0.,  ..., 0., 0., 0.]],

         [[0., 0., 0.,  ..., 0., 0., 0.],
          [0., 0., 0.,  ..., 0., 0., 0.],
          [0., 0., 0.,  ..., 0., 0., 0.],
          ...,
          [0., 0., 0.,  ..., 0., 0., 0.],
          [0., 0., 0.,  ..., 0., 0., 0.],
          [0., 0., 0.,  ..., 0., 0., 0.]],

         [[0., 0., 0.,  ..., 0., 0., 0.],
          [0., 0., 0.,  ..., 0., 0., 0.],
          [0., 0., 0.,  ..., 0., 0., 0.],
          ...,
          [0., 0., 0.,  ..., 0., 0., 0.],
          [0., 0., 0.,  ..., 0., 0., 0.],
          [0., 0., 0.,  ..., 0., 0., 0.]]]], device='cuda:0',
       grad_fn=<SWhereBackward>)
2023-02-17 22:25:42,135 - root - INFO - multires_flow['alpha mask'].shape = torch.Size([8, 5, 480, 640])
2023-02-17 22:25:42,143 - root - INFO - max_vals = tensor([[[[0.2045, 0.2037, 0.2037,  ..., 0.2037, 0.2037, 0.2042],
          [0.2047, 0.2041, 0.2041,  ..., 0.2041, 0.2041, 0.2046],
          [0.2047, 0.2041, 0.2041,  ..., 0.2041, 0.2041, 0.2046],
          ...,
          [0.2047, 0.2041, 0.2041,  ..., 0.2041, 0.2041, 0.2046],
          [0.2047, 0.2041, 0.2041,  ..., 0.2041, 0.2041, 0.2046],
          [0.2044, 0.2041, 0.2041,  ..., 0.2041, 0.2041, 0.2048]]],


        [[[0.2045, 0.2037, 0.2037,  ..., 0.2035, 0.2035, 0.2041],
          [0.2047, 0.2041, 0.2041,  ..., 0.2035, 0.2034, 0.2048],
          [0.2047, 0.2041, 0.2041,  ..., 0.2038, 0.2039, 0.2063],
          ...,
          [0.2047, 0.2041, 0.2041,  ..., 0.2036, 0.2040, 0.2046],
          [0.2047, 0.2041, 0.2041,  ..., 0.2040, 0.2041, 0.2046],
          [0.2044, 0.2041, 0.2041,  ..., 0.2042, 0.2041, 0.2048]]],


        [[[0.2045, 0.2039, 0.2039,  ..., 0.2037, 0.2037, 0.2042],
          [0.2045, 0.2044, 0.2044,  ..., 0.2041, 0.2041, 0.2046],
          [0.2043, 0.2038, 0.2040,  ..., 0.2040, 0.2040, 0.2045],
          ...,
          [0.2047, 0.2041, 0.2041,  ..., 0.2041, 0.2041, 0.2046],
          [0.2047, 0.2041, 0.2041,  ..., 0.2041, 0.2041, 0.2046],
          [0.2044, 0.2041, 0.2041,  ..., 0.2041, 0.2041, 0.2048]]],


        ...,


        [[[0.2042, 0.2033, 0.2035,  ..., 0.2037, 0.2037, 0.2042],
          [0.2037, 0.2029, 0.2035,  ..., 0.2041, 0.2041, 0.2046],
          [0.2038, 0.2030, 0.2035,  ..., 0.2041, 0.2041, 0.2046],
          ...,
          [0.2047, 0.2041, 0.2041,  ..., 0.2041, 0.2041, 0.2046],
          [0.2047, 0.2041, 0.2041,  ..., 0.2041, 0.2041, 0.2046],
          [0.2044, 0.2041, 0.2042,  ..., 0.2042, 0.2041, 0.2048]]],


        [[[0.2040, 0.2036, 0.2042,  ..., 0.2037, 0.2036, 0.2041],
          [0.2045, 0.2046, 0.2055,  ..., 0.2050, 0.2048, 0.2046],
          [0.2046, 0.2050, 0.2060,  ..., 0.2044, 0.2040, 0.2044],
          ...,
          [0.2047, 0.2041, 0.2041,  ..., 0.2039, 0.2040, 0.2048],
          [0.2047, 0.2041, 0.2041,  ..., 0.2039, 0.2040, 0.2048],
          [0.2044, 0.2041, 0.2041,  ..., 0.2043, 0.2042, 0.2045]]],


        [[[0.2045, 0.2037, 0.2037,  ..., 0.2047, 0.2046, 0.2043],
          [0.2047, 0.2041, 0.2041,  ..., 0.2048, 0.2051, 0.2048],
          [0.2047, 0.2041, 0.2041,  ..., 0.2044, 0.2045, 0.2047],
          ...,
          [0.2047, 0.2041, 0.2040,  ..., 0.2040, 0.2045, 0.2051],
          [0.2047, 0.2041, 0.2040,  ..., 0.2041, 0.2043, 0.2052],
          [0.2044, 0.2041, 0.2040,  ..., 0.2046, 0.2042, 0.2047]]]],
       device='cuda:0', grad_fn=<MaxBackward0>)
2023-02-17 22:25:42,143 - root - INFO - max_vals.shape = torch.Size([8, 1, 480, 640])
